{
  "stats": {
    "suites": 1,
    "tests": 4,
    "passes": 4,
    "pending": 0,
    "failures": 0,
    "start": "2023-03-17T12:58:37.967Z",
    "end": "2023-03-17T12:58:47.984Z",
    "duration": 10017,
    "testsRegistered": 4,
    "passPercent": 100,
    "pendingPercent": 0,
    "other": 0,
    "hasOther": false,
    "skipped": 0,
    "hasSkipped": false
  },
  "results": [
    {
      "uuid": "5392c087-52f2-4694-a5ab-5512d5652a5f",
      "title": "",
      "fullFile": "cypress/integration/3-ALURAPIC/alurapic.spec.js",
      "file": "cypress/integration/3-ALURAPIC/alurapic.spec.js",
      "beforeHooks": [],
      "afterHooks": [],
      "tests": [],
      "suites": [
        {
          "uuid": "5e2574b9-d038-4f93-880b-098ee8e43d68",
          "title": "Usabilidade tela inicial ",
          "fullFile": "",
          "file": "",
          "beforeHooks": [],
          "afterHooks": [],
          "tests": [
            {
              "title": "verifica mensagens tela inicial",
              "fullTitle": "Usabilidade tela inicial  verifica mensagens tela inicial",
              "timedOut": null,
              "duration": 2686,
              "state": "passed",
              "speed": "fast",
              "pass": true,
              "fail": false,
              "pending": false,
              "context": null,
              "code": "cy.contains('ap-vmessage', 'User name is required!').should('be.visible');\ncy.contains('ap-vmessage', 'Password is required!').should('be.visible');\ncy.get('button[type=\"submit\"]').should('be.disabled');",
              "err": {},
              "uuid": "5a999eda-acae-4881-b564-9254319d4ce1",
              "parentUUID": "5e2574b9-d038-4f93-880b-098ee8e43d68",
              "isHook": false,
              "skipped": false
            },
            {
              "title": "verifica botao habilitado na tela inicial",
              "fullTitle": "Usabilidade tela inicial  verifica botao habilitado na tela inicial",
              "timedOut": null,
              "duration": 1627,
              "state": "passed",
              "speed": "fast",
              "pass": true,
              "fail": false,
              "pending": false,
              "context": null,
              "code": "cy.get('input[formcontrolname=\"userName\"]').type('fiocchi1989');\ncy.get('input[formcontrolname=\"password\"]').type('Kelly2015');\ncy.get('button[type=\"submit\"]').should('be.enabled');",
              "err": {},
              "uuid": "6e639319-a370-4ee5-9071-87b7c1c4c0c6",
              "parentUUID": "5e2574b9-d038-4f93-880b-098ee8e43d68",
              "isHook": false,
              "skipped": false
            },
            {
              "title": "verifica nome da aplicação na tela inicial",
              "fullTitle": "Usabilidade tela inicial  verifica nome da aplicação na tela inicial",
              "timedOut": null,
              "duration": 1034,
              "state": "passed",
              "speed": "fast",
              "pass": true,
              "fail": false,
              "pending": false,
              "context": null,
              "code": "cy.contains('a', ' ALURAPIC ').should('be.visible');",
              "err": {},
              "uuid": "5ff077d4-37a5-4b53-b443-c8398fca6b45",
              "parentUUID": "5e2574b9-d038-4f93-880b-098ee8e43d68",
              "isHook": false,
              "skipped": false
            },
            {
              "title": "verifica menu clicavel tela inicial",
              "fullTitle": "Usabilidade tela inicial  verifica menu clicavel tela inicial",
              "timedOut": null,
              "duration": 1502,
              "state": "passed",
              "speed": "fast",
              "pass": true,
              "fail": false,
              "pending": false,
              "context": null,
              "code": "cy.get('.navbar-brand > .fa').click();\ncy.get('.menu-bar > .fa').should('be.visible');",
              "err": {},
              "uuid": "6804c2d5-869b-4e0f-b780-3bcf0938443b",
              "parentUUID": "5e2574b9-d038-4f93-880b-098ee8e43d68",
              "isHook": false,
              "skipped": false
            }
          ],
          "suites": [],
          "passes": [
            "5a999eda-acae-4881-b564-9254319d4ce1",
            "6e639319-a370-4ee5-9071-87b7c1c4c0c6",
            "5ff077d4-37a5-4b53-b443-c8398fca6b45",
            "6804c2d5-869b-4e0f-b780-3bcf0938443b"
          ],
          "failures": [],
          "pending": [],
          "skipped": [],
          "duration": 6849,
          "root": false,
          "rootEmpty": false,
          "_timeout": 2000
        }
      ],
      "passes": [],
      "failures": [],
      "pending": [],
      "skipped": [],
      "duration": 0,
      "root": true,
      "rootEmpty": true,
      "_timeout": 2000
    }
  ],
  "meta": {
    "mocha": {
      "version": "7.0.1"
    },
    "mochawesome": {
      "options": {
        "quiet": false,
        "reportFilename": "mochawesome",
        "saveHtml": true,
        "saveJson": true,
        "consoleReporter": "spec",
        "useInlineDiffs": false,
        "code": true
      },
      "version": "7.1.3"
    },
    "marge": {
      "options": {
        "reportDir": "cypress/report/mochawesome-report",
        "overwrite": true,
        "html": true,
        "json": true,
        "timestamp": "mmddyyyy_HHMMss"
      },
      "version": "6.2.0"
    }
  }
}