{
  "stats": {
    "suites": 1,
    "tests": 4,
    "passes": 4,
    "pending": 0,
    "failures": 0,
    "start": "2023-03-08T15:06:27.048Z",
    "end": "2023-03-08T15:06:39.061Z",
    "duration": 12013,
    "testsRegistered": 4,
    "passPercent": 100,
    "pendingPercent": 0,
    "other": 0,
    "hasOther": false,
    "skipped": 0,
    "hasSkipped": false
  },
  "results": [
    {
      "uuid": "cfd97f39-60ac-422f-995c-5a1401e07aee",
      "title": "",
      "fullFile": "cypress/integration/3-ALURAPIC/alurapic.spec.js",
      "file": "cypress/integration/3-ALURAPIC/alurapic.spec.js",
      "beforeHooks": [],
      "afterHooks": [],
      "tests": [],
      "suites": [
        {
          "uuid": "1f41d7d7-c8cb-4974-8fbb-7ab491565ebf",
          "title": "Login e registro de usuarios AluraPic",
          "fullFile": "",
          "file": "",
          "beforeHooks": [],
          "afterHooks": [],
          "tests": [
            {
              "title": "Verifica mensagens de validaçao",
              "fullTitle": "Login e registro de usuarios AluraPic Verifica mensagens de validaçao",
              "timedOut": null,
              "duration": 3283,
              "state": "passed",
              "speed": "fast",
              "pass": true,
              "fail": false,
              "pending": false,
              "context": null,
              "code": "cy.contains('a', 'Register now').click();\ncy.contains('button', 'Register').click();\ncy.contains('ap-vmessage', 'Email is required!').should('be.visible');\ncy.contains('button', 'Register').click();\ncy.contains('ap-vmessage', 'Full name is required!').should('be.visible');\ncy.contains('ap-vmessage', 'User name is required!').should('be.visible');\ncy.contains('ap-vmessage', 'Password is required!').should('be.visible');",
              "err": {},
              "uuid": "53f3e138-400d-4b62-a4ab-479226a4e79e",
              "parentUUID": "1f41d7d7-c8cb-4974-8fbb-7ab491565ebf",
              "isHook": false,
              "skipped": false
            },
            {
              "title": "Verificar mensagens de email invalido",
              "fullTitle": "Login e registro de usuarios AluraPic Verificar mensagens de email invalido",
              "timedOut": null,
              "duration": 1654,
              "state": "passed",
              "speed": "fast",
              "pass": true,
              "fail": false,
              "pending": false,
              "context": null,
              "code": "cy.contains('a', 'Register now').click();\ncy.contains('button', 'Register').click();\ncy.get('input[formcontrolname=\"email\"]').type('kelly');\ncy.contains('ap-vmessage', 'Invalid e-mail').should('be.visible');",
              "err": {},
              "uuid": "0677f89f-f4de-4fab-8401-0cf3a8948ee8",
              "parentUUID": "1f41d7d7-c8cb-4974-8fbb-7ab491565ebf",
              "isHook": false,
              "skipped": false
            },
            {
              "title": "Verificar mensagem de senha com menos de 8 caracteres",
              "fullTitle": "Login e registro de usuarios AluraPic Verificar mensagem de senha com menos de 8 caracteres",
              "timedOut": null,
              "duration": 1838,
              "state": "passed",
              "speed": "fast",
              "pass": true,
              "fail": false,
              "pending": false,
              "context": null,
              "code": "cy.contains('a', 'Register now').click();\ncy.contains('button', 'Register').click();\ncy.get('input[formcontrolname=\"password\"]').type('888');\ncy.contains('button', 'Register').click();\ncy.contains('ap-vmessage', 'Mininum length is 8').should('be.visible');",
              "err": {},
              "uuid": "952ea35e-f433-4483-a3c6-bbbffa85b692",
              "parentUUID": "1f41d7d7-c8cb-4974-8fbb-7ab491565ebf",
              "isHook": false,
              "skipped": false
            },
            {
              "title": "Verificar mensagem de que o nome do usuario deve estar em letra minúscula",
              "fullTitle": "Login e registro de usuarios AluraPic Verificar mensagem de que o nome do usuario deve estar em letra minúscula",
              "timedOut": null,
              "duration": 1924,
              "state": "passed",
              "speed": "fast",
              "pass": true,
              "fail": false,
              "pending": false,
              "context": null,
              "code": "cy.contains('a', 'Register now').click();\ncy.contains('button', 'Register').click();\ncy.get('input[formcontrolname=\"userName\"]').type('KELLY');\ncy.contains('button', 'Register').click();\ncy.contains('ap-vmessage', 'Must be lower case').should('be.visible');",
              "err": {},
              "uuid": "840d875a-96f7-4662-9e74-b5eb4226d7c6",
              "parentUUID": "1f41d7d7-c8cb-4974-8fbb-7ab491565ebf",
              "isHook": false,
              "skipped": false
            }
          ],
          "suites": [],
          "passes": [
            "53f3e138-400d-4b62-a4ab-479226a4e79e",
            "0677f89f-f4de-4fab-8401-0cf3a8948ee8",
            "952ea35e-f433-4483-a3c6-bbbffa85b692",
            "840d875a-96f7-4662-9e74-b5eb4226d7c6"
          ],
          "failures": [],
          "pending": [],
          "skipped": [],
          "duration": 8699,
          "root": false,
          "rootEmpty": false,
          "_timeout": 2000
        }
      ],
      "passes": [],
      "failures": [],
      "pending": [],
      "skipped": [],
      "duration": 0,
      "root": true,
      "rootEmpty": true,
      "_timeout": 2000
    }
  ],
  "meta": {
    "mocha": {
      "version": "7.0.1"
    },
    "mochawesome": {
      "options": {
        "quiet": false,
        "reportFilename": "mochawesome",
        "saveHtml": true,
        "saveJson": true,
        "consoleReporter": "spec",
        "useInlineDiffs": false,
        "code": true
      },
      "version": "7.1.3"
    },
    "marge": {
      "options": {
        "reportDir": "cypress/report/mochawesome-report",
        "overwrite": true,
        "html": true,
        "json": true,
        "timestamp": "mmddyyyy_HHMMss"
      },
      "version": "6.2.0"
    }
  }
}