{
  "stats": {
    "suites": 1,
    "tests": 3,
    "passes": 3,
    "pending": 0,
    "failures": 0,
    "start": "2023-03-17T12:59:33.485Z",
    "end": "2023-03-17T12:59:44.336Z",
    "duration": 10851,
    "testsRegistered": 3,
    "passPercent": 100,
    "pendingPercent": 0,
    "other": 0,
    "hasOther": false,
    "skipped": 0,
    "hasSkipped": false
  },
  "results": [
    {
      "uuid": "82afa5d8-d741-4e3e-8ea1-b92108a3cf68",
      "title": "",
      "fullFile": "cypress/integration/3-ALURAPIC/login.spec.js",
      "file": "cypress/integration/3-ALURAPIC/login.spec.js",
      "beforeHooks": [],
      "afterHooks": [],
      "tests": [],
      "suites": [
        {
          "uuid": "3a9738d3-b9ee-48e0-a008-03a4732f06fb",
          "title": "Login de usuarios AluraPic",
          "fullFile": "",
          "file": "",
          "beforeHooks": [],
          "afterHooks": [],
          "tests": [
            {
              "title": "Fazer login de usuario valido",
              "fullTitle": "Login de usuarios AluraPic Fazer login de usuario valido",
              "timedOut": null,
              "duration": 4477,
              "state": "passed",
              "speed": "fast",
              "pass": true,
              "fail": false,
              "pending": false,
              "context": null,
              "code": "cy.login('usuario_teste', '12345678');\ncy.contains('a', '(Logout)').should('be.visible');",
              "err": {},
              "uuid": "bf6a1c6b-e0c4-4ab8-a0d4-8a5785866a34",
              "parentUUID": "3a9738d3-b9ee-48e0-a008-03a4732f06fb",
              "isHook": false,
              "skipped": false
            },
            {
              "title": "Fazer login de usuario invalido",
              "fullTitle": "Login de usuarios AluraPic Fazer login de usuario invalido",
              "timedOut": null,
              "duration": 2069,
              "state": "passed",
              "speed": "fast",
              "pass": true,
              "fail": false,
              "pending": false,
              "context": null,
              "code": "cy.login('usua', '12345678');\ncy.on('window:alert', str => {\n  expect(str).to.equal('Invalid user name or password');\n});",
              "err": {},
              "uuid": "99a76102-ce0e-474a-812d-2acdf306f4d1",
              "parentUUID": "3a9738d3-b9ee-48e0-a008-03a4732f06fb",
              "isHook": false,
              "skipped": false
            },
            {
              "title": "Verificar mensagem de que o nome do usuario deve estar em letra minúscula",
              "fullTitle": "Login de usuarios AluraPic Verificar mensagem de que o nome do usuario deve estar em letra minúscula",
              "timedOut": null,
              "duration": 1623,
              "state": "passed",
              "speed": "fast",
              "pass": true,
              "fail": false,
              "pending": false,
              "context": null,
              "code": "cy.contains('a', 'Register now').click();\ncy.contains('button', 'Register').click();\ncy.get('input[formcontrolname=\"userName\"]').type('KELLY');\ncy.contains('button', 'Register').click();\ncy.contains('ap-vmessage', 'Must be lower case').should('be.visible');",
              "err": {},
              "uuid": "5808ce15-0a40-40da-b7c5-75fb55240761",
              "parentUUID": "3a9738d3-b9ee-48e0-a008-03a4732f06fb",
              "isHook": false,
              "skipped": false
            }
          ],
          "suites": [],
          "passes": [
            "bf6a1c6b-e0c4-4ab8-a0d4-8a5785866a34",
            "99a76102-ce0e-474a-812d-2acdf306f4d1",
            "5808ce15-0a40-40da-b7c5-75fb55240761"
          ],
          "failures": [],
          "pending": [],
          "skipped": [],
          "duration": 8169,
          "root": false,
          "rootEmpty": false,
          "_timeout": 2000
        }
      ],
      "passes": [],
      "failures": [],
      "pending": [],
      "skipped": [],
      "duration": 0,
      "root": true,
      "rootEmpty": true,
      "_timeout": 2000
    }
  ],
  "meta": {
    "mocha": {
      "version": "7.0.1"
    },
    "mochawesome": {
      "options": {
        "quiet": false,
        "reportFilename": "mochawesome",
        "saveHtml": true,
        "saveJson": true,
        "consoleReporter": "spec",
        "useInlineDiffs": false,
        "code": true
      },
      "version": "7.1.3"
    },
    "marge": {
      "options": {
        "reportDir": "cypress/report/mochawesome-report",
        "overwrite": true,
        "html": true,
        "json": true,
        "timestamp": "mmddyyyy_HHMMss"
      },
      "version": "6.2.0"
    }
  }
}