{
  "stats": {
    "suites": 1,
    "tests": 2,
    "passes": 2,
    "pending": 0,
    "failures": 0,
    "start": "2023-03-17T12:58:56.769Z",
    "end": "2023-03-17T12:58:57.962Z",
    "duration": 1193,
    "testsRegistered": 2,
    "passPercent": 100,
    "pendingPercent": 0,
    "other": 0,
    "hasOther": false,
    "skipped": 0,
    "hasSkipped": false
  },
  "results": [
    {
      "uuid": "40a9be58-0e75-403c-9159-eb3950e59f3c",
      "title": "",
      "fullFile": "cypress/integration/3-ALURAPIC/api-alurapic.spec.js",
      "file": "cypress/integration/3-ALURAPIC/api-alurapic.spec.js",
      "beforeHooks": [],
      "afterHooks": [],
      "tests": [],
      "suites": [
        {
          "uuid": "015ae16f-521d-43b4-b09b-9b0b9f43e55f",
          "title": "Buscar fotos e dados",
          "fullFile": "",
          "file": "",
          "beforeHooks": [],
          "afterHooks": [],
          "tests": [
            {
              "title": "Buscar fotos de fiocchi1989",
              "fullTitle": "Buscar fotos e dados Buscar fotos de fiocchi1989",
              "timedOut": null,
              "duration": 927,
              "state": "passed",
              "speed": "fast",
              "pass": true,
              "fail": false,
              "pending": false,
              "context": null,
              "code": "cy.request({\n  method: 'GET',\n  url: ' https://apialurapic.herokuapp.com/fiocchi1989/photos'\n}).then(res => {\n  expect(res.status).to.be.equal(200);\n  expect(res.body).is.not.empty;\n  expect(res.body[0]).to.have.property('description');\n  expect(res.body[0].description).to.be.equal('Nova Zelandia');\n});",
              "err": {},
              "uuid": "fda61498-1615-4943-b266-d0dae4834af4",
              "parentUUID": "015ae16f-521d-43b4-b09b-9b0b9f43e55f",
              "isHook": false,
              "skipped": false
            },
            {
              "title": "Fazer login de fiocchi1989",
              "fullTitle": "Buscar fotos e dados Fazer login de fiocchi1989",
              "timedOut": null,
              "duration": 223,
              "state": "passed",
              "speed": "fast",
              "pass": true,
              "fail": false,
              "pending": false,
              "context": null,
              "code": "cy.request({\n  method: 'POST',\n  url: 'https://apialurapic.herokuapp.com/user/login',\n  body: Cypress.env()\n}).then(res => {\n  expect(res.status).to.be.equal(200);\n  expect(res.body).is.not.empty;\n  expect(res.body).to.have.property('id');\n  expect(res.body.id).to.be.equal(7);\n  expect(res.body).to.have.property('email');\n  expect(res.body.email).to.be.equal('kellyfiocchi@outlook.com');\n});",
              "err": {},
              "uuid": "82ec9d22-d100-4727-956e-6347e2c72029",
              "parentUUID": "015ae16f-521d-43b4-b09b-9b0b9f43e55f",
              "isHook": false,
              "skipped": false
            }
          ],
          "suites": [],
          "passes": [
            "fda61498-1615-4943-b266-d0dae4834af4",
            "82ec9d22-d100-4727-956e-6347e2c72029"
          ],
          "failures": [],
          "pending": [],
          "skipped": [],
          "duration": 1150,
          "root": false,
          "rootEmpty": false,
          "_timeout": 2000
        }
      ],
      "passes": [],
      "failures": [],
      "pending": [],
      "skipped": [],
      "duration": 0,
      "root": true,
      "rootEmpty": true,
      "_timeout": 2000
    }
  ],
  "meta": {
    "mocha": {
      "version": "7.0.1"
    },
    "mochawesome": {
      "options": {
        "quiet": false,
        "reportFilename": "mochawesome",
        "saveHtml": true,
        "saveJson": true,
        "consoleReporter": "spec",
        "useInlineDiffs": false,
        "code": true
      },
      "version": "7.1.3"
    },
    "marge": {
      "options": {
        "reportDir": "cypress/report/mochawesome-report",
        "overwrite": true,
        "html": true,
        "json": true,
        "timestamp": "mmddyyyy_HHMMss"
      },
      "version": "6.2.0"
    }
  }
}